  [1m[36mRole Load (1.8ms)[0m  [1mSELECT "roles".* FROM "roles"[0m
SQLite3::SQLException: no such table: roles: SELECT "roles".* FROM "roles"
  [1m[35mRole Load (0.3ms)[0m  SELECT "roles".* FROM "roles"
SQLite3::SQLException: no such table: roles: SELECT "roles".* FROM "roles"
  [1m[36mSQL (0.4ms)[0m  [1m SELECT name
 FROM sqlite_master
 WHERE type = 'table' AND NOT name = 'sqlite_sequence'
[0m
  [1m[35mSQL (0.1ms)[0m   SELECT name
 FROM sqlite_master
 WHERE type = 'table' AND NOT name = 'sqlite_sequence'
  [1m[36mSQL (0.5ms)[0m  [1m SELECT name
 FROM sqlite_master
 WHERE type = 'table' AND NOT name = 'sqlite_sequence'
[0m
  [1m[35mSQL (0.2ms)[0m  select sqlite_version(*)
  [1m[36mSQL (2.7ms)[0m  [1mCREATE TABLE "schema_migrations" ("version" varchar(255) NOT NULL) [0m
  [1m[35mSQL (0.1ms)[0m  PRAGMA index_list("schema_migrations")
  [1m[36mSQL (2.1ms)[0m  [1mCREATE UNIQUE INDEX "unique_schema_migrations" ON "schema_migrations" ("version")[0m
  [1m[35mSQL (0.2ms)[0m   SELECT name
 FROM sqlite_master
 WHERE type = 'table' AND NOT name = 'sqlite_sequence'
  [1m[36mSQL (0.2ms)[0m  [1m SELECT name
 FROM sqlite_master
 WHERE type = 'table' AND NOT name = 'sqlite_sequence'
[0m
  [1m[35mSQL (0.1ms)[0m  SELECT "schema_migrations"."version" FROM "schema_migrations"
Migrating to CreateComments (20110114233014)
  [1m[36mSQL (0.5ms)[0m  [1mCREATE TABLE "comments" ("id" INTEGER PRIMARY KEY AUTOINCREMENT NOT NULL, "body" text, "created_at" datetime, "updated_at" datetime) [0m
  [1m[35mSQL (0.1ms)[0m  INSERT INTO "schema_migrations" ("version") VALUES ('20110114233014')
Migrating to DeviseCreateUsers (20110114233300)
  [1m[36mSQL (0.8ms)[0m  [1mCREATE TABLE "users" ("id" INTEGER PRIMARY KEY AUTOINCREMENT NOT NULL, "email" varchar(255) DEFAULT '' NOT NULL, "encrypted_password" varchar(128) DEFAULT '' NOT NULL, "password_salt" varchar(255) DEFAULT '' NOT NULL, "reset_password_token" varchar(255), "remember_token" varchar(255), "remember_created_at" datetime, "sign_in_count" integer DEFAULT 0, "current_sign_in_at" datetime, "last_sign_in_at" datetime, "current_sign_in_ip" varchar(255), "last_sign_in_ip" varchar(255), "created_at" datetime, "updated_at" datetime) [0m
  [1m[35mSQL (0.1ms)[0m  PRAGMA index_list("users")
  [1m[36mSQL (0.7ms)[0m  [1mCREATE UNIQUE INDEX "index_users_on_email" ON "users" ("email")[0m
  [1m[35mSQL (0.2ms)[0m  PRAGMA index_list("users")
  [1m[36mSQL (0.1ms)[0m  [1mPRAGMA index_info('index_users_on_email')[0m
  [1m[35mSQL (0.3ms)[0m  CREATE UNIQUE INDEX "index_users_on_reset_password_token" ON "users" ("reset_password_token")
  [1m[36mSQL (0.1ms)[0m  [1mINSERT INTO "schema_migrations" ("version") VALUES ('20110114233300')[0m
Migrating to CreateRoles (20110115000846)
  [1m[35mSQL (0.7ms)[0m  CREATE TABLE "roles" ("id" INTEGER PRIMARY KEY AUTOINCREMENT NOT NULL, "name" varchar(255), "created_at" datetime, "updated_at" datetime) 
  [1m[36mSQL (0.3ms)[0m  [1mINSERT INTO "schema_migrations" ("version") VALUES ('20110115000846')[0m
Migrating to CreateAssignments (20110115001431)
  [1m[35mSQL (0.7ms)[0m  CREATE TABLE "assignments" ("id" INTEGER PRIMARY KEY AUTOINCREMENT NOT NULL, "role_id" integer, "user_id" integer, "created_at" datetime, "updated_at" datetime) 
  [1m[36mSQL (0.2ms)[0m  [1mINSERT INTO "schema_migrations" ("version") VALUES ('20110115001431')[0m
Migrating to AddCommentToUser (20110115122442)
  [1m[35mSQL (0.7ms)[0m  ALTER TABLE "comments" ADD "user_id" integer
  [1m[36mSQL (0.2ms)[0m  [1mINSERT INTO "schema_migrations" ("version") VALUES ('20110115122442')[0m
Migrating to CreateAuthentications (20110115124214)
  [1m[35mSQL (0.7ms)[0m  CREATE TABLE "authentications" ("id" INTEGER PRIMARY KEY AUTOINCREMENT NOT NULL, "user_id" integer, "provider" varchar(255), "uid" varchar(255), "created_at" datetime, "updated_at" datetime) 
  [1m[36mSQL (0.2ms)[0m  [1mINSERT INTO "schema_migrations" ("version") VALUES ('20110115124214')[0m
  [1m[35mSQL (0.5ms)[0m   SELECT name
 FROM sqlite_master
 WHERE type = 'table' AND NOT name = 'sqlite_sequence'
  [1m[36mSQL (0.3ms)[0m  [1mSELECT "schema_migrations"."version" FROM "schema_migrations"[0m
  [1m[35mSQL (0.4ms)[0m   SELECT name
 FROM sqlite_master
 WHERE type = 'table' AND NOT name = 'sqlite_sequence'
  [1m[36mSQL (0.1ms)[0m  [1mPRAGMA index_list("assignments")[0m
  [1m[35mSQL (0.0ms)[0m  PRAGMA index_list("authentications")
  [1m[36mSQL (0.0ms)[0m  [1mPRAGMA index_list("comments")[0m
  [1m[35mSQL (0.0ms)[0m  PRAGMA index_list("roles")
  [1m[36mSQL (0.1ms)[0m  [1mPRAGMA index_list("users")[0m
  [1m[35mSQL (0.1ms)[0m  PRAGMA index_info('index_users_on_reset_password_token')
  [1m[36mSQL (0.1ms)[0m  [1mPRAGMA index_info('index_users_on_email')[0m


Started GET "/" for 127.0.0.1 at Tue Jan 25 22:46:37 +0100 2011
  Processing by CommentsController#index as HTML
  [1m[36mComment Load (1.3ms)[0m  [1mSELECT "comments".* FROM "comments"[0m
Rendered comments/index.html.erb within layouts/application (6.8ms)
Completed 200 OK in 274ms (Views: 127.7ms | ActiveRecord: 1.3ms)


Started GET "/authentications/" for 127.0.0.1 at Tue Jan 25 22:46:44 +0100 2011
  Processing by AuthenticationsController#index as HTML
Rendered authentications/index.html.erb within layouts/application (4.5ms)
Completed 200 OK in 105ms (Views: 24.7ms | ActiveRecord: 0.0ms)


Started GET "/auth/twitter" for 127.0.0.1 at Tue Jan 25 22:46:48 +0100 2011

OAuth::Unauthorized (401 Unauthorized):
  

Rendered /Users/joker/.rvm/gems/ruby-1.8.7-p330/gems/actionpack-3.0.3/lib/action_dispatch/middleware/templates/rescues/_trace.erb (1.9ms)
Rendered /Users/joker/.rvm/gems/ruby-1.8.7-p330/gems/actionpack-3.0.3/lib/action_dispatch/middleware/templates/rescues/_request_and_response.erb (215.9ms)
Rendered /Users/joker/.rvm/gems/ruby-1.8.7-p330/gems/actionpack-3.0.3/lib/action_dispatch/middleware/templates/rescues/diagnostics.erb within rescues/layout (231.6ms)


Started GET "/auth/google_apps" for 127.0.0.1 at Tue Jan 25 22:46:56 +0100 2011
DEPRECATION WARNING: RAILS_DEFAULT_LOGGER is deprecated. Please use ::Rails.logger. (called from require at script/rails:6)
Performing discovery for googlemail.com
Discovering domain googlemail.com
Retrieving XRDS from https://www.google.com/accounts/o8/id?source=googlemail.com


Started GET "/auth/google_apps/callback?_method=post&openid.ns=http%3A%2F%2Fspecs.openid.net%2Fauth%2F2.0&openid.mode=id_res&openid.op_endpoint=https%3A%2F%2Fwww.google.com%2Faccounts%2Fo8%2Fud%3Fsource%3Dgooglemail.com&openid.response_nonce=2011-01-25T21%3A46%3A58ZcSun_uQthi8kmA&openid.return_to=http%3A%2F%2F127.0.0.1%3A3000%2Fauth%2Fgoogle_apps%2Fcallback%3F_method%3Dpost&openid.assoc_handle=AOQobUeCx5NXlqaRYA3qHmA5J5yNnaEe17nm5xk_Y_0sCuTufm7l8wV7&openid.signed=op_endpoint%2Cclaimed_id%2Cidentity%2Creturn_to%2Cresponse_nonce%2Cassoc_handle%2Cns.ext1%2Cext1.mode%2Cext1.type.ext5%2Cext1.value.ext5%2Cext1.type.ext8%2Cext1.value.ext8%2Cext1.type.ext2%2Cext1.value.ext2&openid.sig=FeMRVGpwLTGZmM5jU5siM3ZH53c%3D&openid.identity=https%3A%2F%2Fwww.google.com%2Faccounts%2Fo8%2Fid%3Fid%3DAItOawmqniuwkfC9Kzr8IN_9FtDLVvqA-n-AcxQ&openid.claimed_id=https%3A%2F%2Fwww.google.com%2Faccounts%2Fo8%2Fid%3Fid%3DAItOawmqniuwkfC9Kzr8IN_9FtDLVvqA-n-AcxQ&openid.ns.ext1=http%3A%2F%2Fopenid.net%2Fsrv%2Fax%2F1.0&openid.ext1.mode=fetch_response&openid.ext1.type.ext5=http%3A%2F%2Faxschema.org%2FnamePerson%2Ffirst&openid.ext1.value.ext5=jochen&openid.ext1.type.ext8=http%3A%2F%2Faxschema.org%2Fcontact%2Femail&openid.ext1.value.ext8=phaenotyp%40googlemail.com&openid.ext1.type.ext2=http%3A%2F%2Faxschema.org%2FnamePerson%2Flast&openid.ext1.value.ext2=hartz" for 127.0.0.1 at Tue Jan 25 22:47:00 +0100 2011
  Processing by AuthenticationsController#create as HTML
  Parameters: {"provider"=>"google_apps"}
  [1m[35mSQL (0.6ms)[0m   SELECT name
 FROM sqlite_master
 WHERE type = 'table' AND NOT name = 'sqlite_sequence'
  [1m[36mAuthentication Load (0.3ms)[0m  [1mSELECT "authentications".* FROM "authentications" WHERE ("authentications"."uid" = 'https://www.google.com/accounts/o8/id?id=AItOawmqniuwkfC9Kzr8IN_9FtDLVvqA-n-AcxQ') AND ("authentications"."provider" = 'google_apps') LIMIT 1[0m
  [1m[35mUser Load (0.2ms)[0m  SELECT "users"."id" FROM "users" WHERE (LOWER("users"."email") = LOWER('phaenotyp@googlemail.com')) LIMIT 1
  [1m[36mRole Load (0.1ms)[0m  [1mSELECT "roles".* FROM "roles" WHERE ("roles"."name" = 'member') LIMIT 1[0m
  [1m[35mAREL (0.6ms)[0m  INSERT INTO "roles" ("name", "created_at", "updated_at") VALUES ('member', '2011-01-25 21:47:00.927352', '2011-01-25 21:47:00.927352')
  [1m[36mAREL (0.3ms)[0m  [1mINSERT INTO "users" ("reset_password_token", "last_sign_in_ip", "updated_at", "encrypted_password", "current_sign_in_ip", "password_salt", "sign_in_count", "last_sign_in_at", "email", "current_sign_in_at", "remember_token", "created_at", "remember_created_at") VALUES (NULL, NULL, '2011-01-25 21:47:00.940255', '', NULL, '', 0, NULL, 'phaenotyp@googlemail.com', NULL, NULL, '2011-01-25 21:47:00.940255', NULL)[0m
  [1m[35mAREL (0.1ms)[0m  INSERT INTO "assignments" ("updated_at", "user_id", "role_id", "created_at") VALUES ('2011-01-25 21:47:00.947383', 1, 1, '2011-01-25 21:47:00.947383')
  [1m[36mAREL (0.1ms)[0m  [1mINSERT INTO "authentications" ("updated_at", "user_id", "uid", "created_at", "provider") VALUES ('2011-01-25 21:47:00.949965', 1, 'https://www.google.com/accounts/o8/id?id=AItOawmqniuwkfC9Kzr8IN_9FtDLVvqA-n-AcxQ', '2011-01-25 21:47:00.949965', 'google_apps')[0m
  [1m[35mAREL (1.1ms)[0m  UPDATE "users" SET "last_sign_in_ip" = '127.0.0.1', "updated_at" = '2011-01-25 21:47:00.956604', "current_sign_in_ip" = '127.0.0.1', "sign_in_count" = 1, "last_sign_in_at" = '2011-01-25 21:47:00.956180', "current_sign_in_at" = '2011-01-25 21:47:00.956180' WHERE ("users"."id" = 1)
Redirected to http://127.0.0.1:3000/
Completed 302 Found in 234ms


Started GET "/" for 127.0.0.1 at Tue Jan 25 22:47:01 +0100 2011
  Processing by CommentsController#index as HTML
  [1m[36mUser Load (0.3ms)[0m  [1mSELECT "users".* FROM "users" WHERE ("users"."id" = 1) LIMIT 1[0m
  [1m[35mRole Load (0.3ms)[0m  SELECT "roles".* FROM "roles" INNER JOIN "assignments" ON "roles".id = "assignments".role_id WHERE (("assignments".user_id = 1))
  [1m[36mComment Load (0.2ms)[0m  [1mSELECT "comments".* FROM "comments"[0m
Rendered comments/index.html.erb within layouts/application (4.1ms)
Completed 200 OK in 67ms (Views: 12.5ms | ActiveRecord: 0.8ms)
  [1m[36mSQL (1.1ms)[0m  [1m SELECT name
 FROM sqlite_master
 WHERE type = 'table' AND NOT name = 'sqlite_sequence'
[0m
  [1m[35mUser Load (0.8ms)[0m  SELECT "users".* FROM "users" WHERE ("users"."id" = 1) LIMIT 1
  [1m[36mRole Load (0.3ms)[0m  [1mSELECT "roles".* FROM "roles" INNER JOIN "assignments" ON "roles".id = "assignments".role_id WHERE (("assignments".user_id = 1))[0m
  [1m[36mSQL (1.0ms)[0m  [1m SELECT name
 FROM sqlite_master
 WHERE type = 'table' AND NOT name = 'sqlite_sequence'
[0m
  [1m[35mSQL (0.3ms)[0m   SELECT name
 FROM sqlite_master
 WHERE type = 'table' AND NOT name = 'sqlite_sequence'
  [1m[36mSQL (0.3ms)[0m  [1mSELECT "schema_migrations"."version" FROM "schema_migrations"[0m
Migrating to CreateComments (20110114233014)
Migrating to DeviseCreateUsers (20110114233300)
Migrating to CreateRoles (20110115000846)
Migrating to CreateAssignments (20110115001431)
Migrating to AddCommentToUser (20110115122442)
Migrating to CreateAuthentications (20110115124214)
Migrating to AddUsernameToUser (20110125220433)
  [1m[35mSQL (0.1ms)[0m  select sqlite_version(*)
  [1m[36mSQL (0.6ms)[0m  [1mALTER TABLE "users" ADD "user_name" varchar(255)[0m
  [1m[35mSQL (0.2ms)[0m  INSERT INTO "schema_migrations" ("version") VALUES ('20110125220433')
  [1m[36mSQL (0.5ms)[0m  [1m SELECT name
 FROM sqlite_master
 WHERE type = 'table' AND NOT name = 'sqlite_sequence'
[0m
  [1m[35mSQL (0.4ms)[0m  SELECT "schema_migrations"."version" FROM "schema_migrations"
  [1m[36mSQL (0.4ms)[0m  [1m SELECT name
 FROM sqlite_master
 WHERE type = 'table' AND NOT name = 'sqlite_sequence'
[0m
  [1m[35mSQL (0.1ms)[0m  PRAGMA index_list("assignments")
  [1m[36mSQL (0.1ms)[0m  [1mPRAGMA index_list("authentications")[0m
  [1m[35mSQL (0.1ms)[0m  PRAGMA index_list("comments")
  [1m[36mSQL (0.0ms)[0m  [1mPRAGMA index_list("roles")[0m
  [1m[35mSQL (0.1ms)[0m  PRAGMA index_list("users")
  [1m[36mSQL (0.1ms)[0m  [1mPRAGMA index_info('index_users_on_reset_password_token')[0m
  [1m[35mSQL (0.1ms)[0m  PRAGMA index_info('index_users_on_email')
  [1m[36mSQL (0.5ms)[0m  [1m SELECT name
 FROM sqlite_master
 WHERE type = 'table' AND NOT name = 'sqlite_sequence'
[0m
  [1m[35mSQL (0.2ms)[0m  select sqlite_version(*)
  [1m[36mSQL (2.8ms)[0m  [1mCREATE TABLE "schema_migrations" ("version" varchar(255) NOT NULL) [0m
  [1m[35mSQL (0.1ms)[0m  PRAGMA index_list("schema_migrations")
  [1m[36mSQL (3.5ms)[0m  [1mCREATE UNIQUE INDEX "unique_schema_migrations" ON "schema_migrations" ("version")[0m
  [1m[35mSQL (0.2ms)[0m   SELECT name
 FROM sqlite_master
 WHERE type = 'table' AND NOT name = 'sqlite_sequence'
  [1m[36mSQL (0.1ms)[0m  [1m SELECT name
 FROM sqlite_master
 WHERE type = 'table' AND NOT name = 'sqlite_sequence'
[0m
  [1m[35mSQL (0.1ms)[0m  SELECT "schema_migrations"."version" FROM "schema_migrations"
Migrating to CreateComments (20110114233014)
  [1m[36mSQL (0.5ms)[0m  [1mCREATE TABLE "comments" ("id" INTEGER PRIMARY KEY AUTOINCREMENT NOT NULL, "body" text, "created_at" datetime, "updated_at" datetime) [0m
  [1m[35mSQL (0.1ms)[0m  INSERT INTO "schema_migrations" ("version") VALUES ('20110114233014')
Migrating to DeviseCreateUsers (20110114233300)
  [1m[36mSQL (0.5ms)[0m  [1mCREATE TABLE "users" ("id" INTEGER PRIMARY KEY AUTOINCREMENT NOT NULL, "email" varchar(255) DEFAULT '' NOT NULL, "encrypted_password" varchar(128) DEFAULT '' NOT NULL, "password_salt" varchar(255) DEFAULT '' NOT NULL, "reset_password_token" varchar(255), "remember_token" varchar(255), "remember_created_at" datetime, "sign_in_count" integer DEFAULT 0, "current_sign_in_at" datetime, "last_sign_in_at" datetime, "current_sign_in_ip" varchar(255), "last_sign_in_ip" varchar(255), "created_at" datetime, "updated_at" datetime) [0m
  [1m[35mSQL (0.0ms)[0m  PRAGMA index_list("users")
  [1m[36mSQL (0.5ms)[0m  [1mCREATE UNIQUE INDEX "index_users_on_email" ON "users" ("email")[0m
  [1m[35mSQL (0.1ms)[0m  PRAGMA index_list("users")
  [1m[36mSQL (0.1ms)[0m  [1mPRAGMA index_info('index_users_on_email')[0m
  [1m[35mSQL (0.2ms)[0m  CREATE UNIQUE INDEX "index_users_on_reset_password_token" ON "users" ("reset_password_token")
  [1m[36mSQL (0.1ms)[0m  [1mINSERT INTO "schema_migrations" ("version") VALUES ('20110114233300')[0m
Migrating to CreateRoles (20110115000846)
  [1m[35mSQL (0.5ms)[0m  CREATE TABLE "roles" ("id" INTEGER PRIMARY KEY AUTOINCREMENT NOT NULL, "name" varchar(255), "created_at" datetime, "updated_at" datetime) 
  [1m[36mSQL (0.1ms)[0m  [1mINSERT INTO "schema_migrations" ("version") VALUES ('20110115000846')[0m
Migrating to CreateAssignments (20110115001431)
  [1m[35mSQL (0.5ms)[0m  CREATE TABLE "assignments" ("id" INTEGER PRIMARY KEY AUTOINCREMENT NOT NULL, "role_id" integer, "user_id" integer, "created_at" datetime, "updated_at" datetime) 
  [1m[36mSQL (0.2ms)[0m  [1mINSERT INTO "schema_migrations" ("version") VALUES ('20110115001431')[0m
Migrating to AddCommentToUser (20110115122442)
  [1m[35mSQL (0.5ms)[0m  ALTER TABLE "comments" ADD "user_id" integer
  [1m[36mSQL (0.2ms)[0m  [1mINSERT INTO "schema_migrations" ("version") VALUES ('20110115122442')[0m
Migrating to CreateAuthentications (20110115124214)
  [1m[35mSQL (0.5ms)[0m  CREATE TABLE "authentications" ("id" INTEGER PRIMARY KEY AUTOINCREMENT NOT NULL, "user_id" integer, "provider" varchar(255), "uid" varchar(255), "created_at" datetime, "updated_at" datetime) 
  [1m[36mSQL (0.1ms)[0m  [1mINSERT INTO "schema_migrations" ("version") VALUES ('20110115124214')[0m
Migrating to AddUsernameToUser (20110125220433)
  [1m[35mSQL (0.7ms)[0m  ALTER TABLE "users" ADD "user_name" varchar(255)
  [1m[36mSQL (0.1ms)[0m  [1mINSERT INTO "schema_migrations" ("version") VALUES ('20110125220433')[0m
  [1m[35mSQL (0.3ms)[0m   SELECT name
 FROM sqlite_master
 WHERE type = 'table' AND NOT name = 'sqlite_sequence'
  [1m[36mSQL (0.3ms)[0m  [1mSELECT "schema_migrations"."version" FROM "schema_migrations"[0m
  [1m[35mSQL (0.3ms)[0m   SELECT name
 FROM sqlite_master
 WHERE type = 'table' AND NOT name = 'sqlite_sequence'
  [1m[36mSQL (0.1ms)[0m  [1mPRAGMA index_list("assignments")[0m
  [1m[35mSQL (0.0ms)[0m  PRAGMA index_list("authentications")
  [1m[36mSQL (0.0ms)[0m  [1mPRAGMA index_list("comments")[0m
  [1m[35mSQL (0.0ms)[0m  PRAGMA index_list("roles")
  [1m[36mSQL (0.2ms)[0m  [1mPRAGMA index_list("users")[0m
  [1m[35mSQL (0.1ms)[0m  PRAGMA index_info('index_users_on_reset_password_token')
  [1m[36mSQL (0.1ms)[0m  [1mPRAGMA index_info('index_users_on_email')[0m


Started GET "/" for 127.0.0.1 at Tue Jan 25 23:17:08 +0100 2011
  Processing by CommentsController#index as HTML
  [1m[36mSQL (1.2ms)[0m  [1m SELECT name
 FROM sqlite_master
 WHERE type = 'table' AND NOT name = 'sqlite_sequence'
[0m
  [1m[35mUser Load (0.2ms)[0m  SELECT "users".* FROM "users" WHERE ("users"."id" = 1) LIMIT 1
  [1m[36mComment Load (0.3ms)[0m  [1mSELECT "comments".* FROM "comments"[0m
Rendered comments/index.html.erb within layouts/application (4.3ms)
Completed 200 OK in 92ms (Views: 14.4ms | ActiveRecord: 1.6ms)


Started GET "/authentications/" for 127.0.0.1 at Tue Jan 25 23:17:14 +0100 2011
  Processing by AuthenticationsController#index as HTML
Rendered authentications/index.html.erb within layouts/application (4.4ms)
Completed 200 OK in 29ms (Views: 14.2ms | ActiveRecord: 0.0ms)


Started GET "/auth/google_apps" for 127.0.0.1 at Tue Jan 25 23:17:16 +0100 2011
DEPRECATION WARNING: RAILS_DEFAULT_LOGGER is deprecated. Please use ::Rails.logger. (called from require at script/rails:6)
Performing discovery for googlemail.com
Discovering domain googlemail.com
Retrieving XRDS from https://www.google.com/accounts/o8/id?source=googlemail.com


Started GET "/auth/google_apps/callback?_method=post&openid.ns=http%3A%2F%2Fspecs.openid.net%2Fauth%2F2.0&openid.mode=id_res&openid.op_endpoint=https%3A%2F%2Fwww.google.com%2Faccounts%2Fo8%2Fud%3Fsource%3Dgooglemail.com&openid.response_nonce=2011-01-25T22%3A17%3A17Znz6RHOMXtp5REg&openid.return_to=http%3A%2F%2F127.0.0.1%3A3000%2Fauth%2Fgoogle_apps%2Fcallback%3F_method%3Dpost&openid.assoc_handle=AOQobUeCx5NXlqaRYA3qHmA5J5yNnaEe17nm5xk_Y_0sCuTufm7l8wV7&openid.signed=op_endpoint%2Cclaimed_id%2Cidentity%2Creturn_to%2Cresponse_nonce%2Cassoc_handle%2Cns.ext1%2Cext1.mode%2Cext1.type.ext5%2Cext1.value.ext5%2Cext1.type.ext8%2Cext1.value.ext8%2Cext1.type.ext2%2Cext1.value.ext2&openid.sig=8POF1TBo0uYnZGqOXEJec7p2kow%3D&openid.identity=https%3A%2F%2Fwww.google.com%2Faccounts%2Fo8%2Fid%3Fid%3DAItOawmqniuwkfC9Kzr8IN_9FtDLVvqA-n-AcxQ&openid.claimed_id=https%3A%2F%2Fwww.google.com%2Faccounts%2Fo8%2Fid%3Fid%3DAItOawmqniuwkfC9Kzr8IN_9FtDLVvqA-n-AcxQ&openid.ns.ext1=http%3A%2F%2Fopenid.net%2Fsrv%2Fax%2F1.0&openid.ext1.mode=fetch_response&openid.ext1.type.ext5=http%3A%2F%2Faxschema.org%2FnamePerson%2Ffirst&openid.ext1.value.ext5=jochen&openid.ext1.type.ext8=http%3A%2F%2Faxschema.org%2Fcontact%2Femail&openid.ext1.value.ext8=phaenotyp%40googlemail.com&openid.ext1.type.ext2=http%3A%2F%2Faxschema.org%2FnamePerson%2Flast&openid.ext1.value.ext2=hartz" for 127.0.0.1 at Tue Jan 25 23:17:18 +0100 2011
  Processing by AuthenticationsController#create as HTML
  Parameters: {"provider"=>"google_apps"}
  [1m[35mAuthentication Load (0.1ms)[0m  SELECT "authentications".* FROM "authentications" WHERE ("authentications"."uid" = 'https://www.google.com/accounts/o8/id?id=AItOawmqniuwkfC9Kzr8IN_9FtDLVvqA-n-AcxQ') AND ("authentications"."provider" = 'google_apps') LIMIT 1
  [1m[36mUser Load (0.2ms)[0m  [1mSELECT "users"."id" FROM "users" WHERE (LOWER("users"."email") = LOWER('phaenotyp@googlemail.com')) LIMIT 1[0m
  [1m[35mUser Load (0.1ms)[0m  SELECT "users".* FROM "users" WHERE ("users"."user_name" = 'phaenotyp') LIMIT 1
  [1m[36mRole Load (0.1ms)[0m  [1mSELECT "roles".* FROM "roles" WHERE ("roles"."name" = 'member') LIMIT 1[0m
  [1m[35mAREL (0.5ms)[0m  INSERT INTO "roles" ("updated_at", "created_at", "name") VALUES ('2011-01-25 22:17:19.257469', '2011-01-25 22:17:19.257469', 'member')
  [1m[36mAREL (0.3ms)[0m  [1mINSERT INTO "users" ("current_sign_in_ip", "password_salt", "encrypted_password", "user_name", "sign_in_count", "reset_password_token", "last_sign_in_at", "last_sign_in_ip", "created_at", "updated_at", "remember_created_at", "current_sign_in_at", "remember_token", "email") VALUES (NULL, '', '', 'phaenotyp', 0, NULL, NULL, NULL, '2011-01-25 22:17:19.270638', '2011-01-25 22:17:19.270638', NULL, NULL, NULL, 'phaenotyp@googlemail.com')[0m
  [1m[35mAREL (0.1ms)[0m  INSERT INTO "assignments" ("user_id", "created_at", "role_id", "updated_at") VALUES (1, '2011-01-25 22:17:19.277787', 1, '2011-01-25 22:17:19.277787')
  [1m[36mAREL (0.1ms)[0m  [1mINSERT INTO "authentications" ("provider", "uid", "created_at", "user_id", "updated_at") VALUES ('google_apps', 'https://www.google.com/accounts/o8/id?id=AItOawmqniuwkfC9Kzr8IN_9FtDLVvqA-n-AcxQ', '2011-01-25 22:17:19.280343', 1, '2011-01-25 22:17:19.280343')[0m
  [1m[35mAREL (7.3ms)[0m  UPDATE "users" SET "current_sign_in_ip" = '127.0.0.1', "sign_in_count" = 1, "last_sign_in_at" = '2011-01-25 22:17:19.331692', "last_sign_in_ip" = '127.0.0.1', "updated_at" = '2011-01-25 22:17:19.332495', "current_sign_in_at" = '2011-01-25 22:17:19.331692' WHERE ("users"."id" = 1)
Redirected to http://127.0.0.1:3000/
Completed 302 Found in 275ms


Started GET "/" for 127.0.0.1 at Tue Jan 25 23:17:19 +0100 2011
  Processing by CommentsController#index as HTML
  [1m[36mUser Load (0.3ms)[0m  [1mSELECT "users".* FROM "users" WHERE ("users"."id" = 1) LIMIT 1[0m
  [1m[35mRole Load (0.3ms)[0m  SELECT "roles".* FROM "roles" INNER JOIN "assignments" ON "roles".id = "assignments".role_id WHERE (("assignments".user_id = 1))
  [1m[36mComment Load (0.2ms)[0m  [1mSELECT "comments".* FROM "comments"[0m
Rendered comments/index.html.erb within layouts/application (4.1ms)
Completed 200 OK in 123ms (Views: 12.4ms | ActiveRecord: 0.9ms)
  [1m[36mSQL (1.1ms)[0m  [1m SELECT name
 FROM sqlite_master
 WHERE type = 'table' AND NOT name = 'sqlite_sequence'
[0m
  [1m[35mUser Load (0.3ms)[0m  SELECT "users".* FROM "users" WHERE ("users"."id" = 1) LIMIT 1


Started GET "/users/sign_out" for 127.0.0.1 at Tue Jan 25 23:18:42 +0100 2011
  Processing by Devise::SessionsController#destroy as HTML
  [1m[36mSQL (1.3ms)[0m  [1m SELECT name
 FROM sqlite_master
 WHERE type = 'table' AND NOT name = 'sqlite_sequence'
[0m
  [1m[35mUser Load (0.8ms)[0m  SELECT "users".* FROM "users" WHERE ("users"."id" = 1) LIMIT 1
Redirected to http://127.0.0.1:3000/
Completed 302 Found in 82ms


Started GET "/" for 127.0.0.1 at Tue Jan 25 23:18:42 +0100 2011
  Processing by CommentsController#index as HTML
  [1m[36mComment Load (0.5ms)[0m  [1mSELECT "comments".* FROM "comments"[0m
Rendered comments/index.html.erb within layouts/application (4.4ms)
Completed 200 OK in 39ms (Views: 14.3ms | ActiveRecord: 0.5ms)


Started GET "/users/sign_up" for 127.0.0.1 at Tue Jan 25 23:18:45 +0100 2011
  Processing by RegistrationsController#new as HTML
Rendered devise/shared/_links.erb (1.6ms)
Rendered registrations/new.html.erb within layouts/application (90.2ms)
Completed 200 OK in 122ms (Views: 103.4ms | ActiveRecord: 0.0ms)


Started POST "/users" for 127.0.0.1 at Tue Jan 25 23:19:05 +0100 2011
  Processing by RegistrationsController#create as HTML
  Parameters: {"commit"=>"Sign up", "authenticity_token"=>"YhJ6qOlWLpLJ/gy7jEhNdoTIsR5GIQqR+81KftCX0tA=", "utf8"=>"✓", "user"=>{"password_confirmation"=>"[FILTERED]", "password"=>"[FILTERED]", "email"=>"enoch.roenne@yahoo.de"}}
  [1m[35mUser Load (0.2ms)[0m  SELECT "users"."id" FROM "users" WHERE (LOWER("users"."email") = LOWER('enoch.roenne@yahoo.de')) LIMIT 1
  [1m[36mUser Load (0.1ms)[0m  [1mSELECT "users".* FROM "users" WHERE ("users"."user_name" = 'enoch.roenne') LIMIT 1[0m
  [1m[35mRole Load (0.2ms)[0m  SELECT "roles".* FROM "roles" WHERE ("roles"."name" = 'member') LIMIT 1
  [1m[36mAREL (0.8ms)[0m  [1mINSERT INTO "users" ("updated_at", "last_sign_in_at", "user_name", "password_salt", "current_sign_in_ip", "email", "created_at", "remember_created_at", "reset_password_token", "encrypted_password", "remember_token", "sign_in_count", "current_sign_in_at", "last_sign_in_ip") VALUES ('2011-01-25 22:19:05.962826', NULL, 'enoch.roenne', '$2a$10$IJlF4Uqk2Zt1sewwo9tiCO', NULL, 'enoch.roenne@yahoo.de', '2011-01-25 22:19:05.962826', NULL, NULL, '$2a$10$IJlF4Uqk2Zt1sewwo9tiCOvmQgb5RXWtuHysPgZN7UT2iveyGlzOS', NULL, 0, NULL, NULL)[0m
  [1m[35mAREL (0.2ms)[0m  INSERT INTO "assignments" ("role_id", "user_id", "updated_at", "created_at") VALUES (1, 2, '2011-01-25 22:19:05.971698', '2011-01-25 22:19:05.971698')
  [1m[36mAuthentication Load (0.1ms)[0m  [1mSELECT "authentications".* FROM "authentications" WHERE ("authentications".user_id = NULL)[0m
  [1m[35mAREL (0.6ms)[0m  UPDATE "users" SET "updated_at" = '2011-01-25 22:19:05.978679', "last_sign_in_at" = '2011-01-25 22:19:05.978185', "current_sign_in_ip" = '127.0.0.1', "sign_in_count" = 1, "current_sign_in_at" = '2011-01-25 22:19:05.978185', "last_sign_in_ip" = '127.0.0.1' WHERE ("users"."id" = 2)
Redirected to http://127.0.0.1:3000/
Completed 302 Found in 365ms


Started GET "/" for 127.0.0.1 at Tue Jan 25 23:19:05 +0100 2011
  Processing by CommentsController#index as HTML
  [1m[36mUser Load (0.3ms)[0m  [1mSELECT "users".* FROM "users" WHERE ("users"."id" = 2) LIMIT 1[0m
  [1m[35mRole Load (0.4ms)[0m  SELECT "roles".* FROM "roles" INNER JOIN "assignments" ON "roles".id = "assignments".role_id WHERE (("assignments".user_id = 2))
  [1m[36mComment Load (0.2ms)[0m  [1mSELECT "comments".* FROM "comments"[0m
Rendered comments/index.html.erb within layouts/application (4.2ms)
Completed 200 OK in 70ms (Views: 12.6ms | ActiveRecord: 0.9ms)


Started GET "/users/sign_out" for 127.0.0.1 at Tue Jan 25 23:19:08 +0100 2011
  Processing by Devise::SessionsController#destroy as HTML
  [1m[35mUser Load (0.3ms)[0m  SELECT "users".* FROM "users" WHERE ("users"."id" = 2) LIMIT 1
Redirected to http://127.0.0.1:3000/
Completed 302 Found in 29ms


Started GET "/" for 127.0.0.1 at Tue Jan 25 23:19:08 +0100 2011
  Processing by CommentsController#index as HTML
  [1m[36mComment Load (0.5ms)[0m  [1mSELECT "comments".* FROM "comments"[0m
Rendered comments/index.html.erb within layouts/application (4.2ms)
Completed 200 OK in 37ms (Views: 13.0ms | ActiveRecord: 0.5ms)


Started GET "/users/sign_in" for 127.0.0.1 at Tue Jan 25 23:19:10 +0100 2011
  Processing by Devise::SessionsController#new as HTML
Rendered devise/shared/_links.erb (1.5ms)
Rendered devise/sessions/new.html.erb within layouts/application (9.7ms)
Completed 200 OK in 105ms (Views: 18.9ms | ActiveRecord: 0.0ms)


Started POST "/users/sign_in" for 127.0.0.1 at Tue Jan 25 23:19:23 +0100 2011
  Processing by Devise::SessionsController#create as HTML
  Parameters: {"commit"=>"Sign in", "authenticity_token"=>"YhJ6qOlWLpLJ/gy7jEhNdoTIsR5GIQqR+81KftCX0tA=", "utf8"=>"✓", "user"=>{"remember_me"=>"0", "password"=>"[FILTERED]", "email"=>"enoch.roenne"}}
  [1m[35mUser Load (0.3ms)[0m  SELECT "users".* FROM "users" WHERE ("users"."user_name" = 'enoch.roenne') LIMIT 1
  [1m[36mAREL (0.6ms)[0m  [1mUPDATE "users" SET "updated_at" = '2011-01-25 22:19:23.830300', "sign_in_count" = 2, "current_sign_in_at" = '2011-01-25 22:19:23.829506' WHERE ("users"."id" = 2)[0m
Redirected to http://127.0.0.1:3000/
Completed 302 Found in 204ms


Started GET "/" for 127.0.0.1 at Tue Jan 25 23:19:23 +0100 2011
  Processing by CommentsController#index as HTML
  [1m[35mUser Load (0.3ms)[0m  SELECT "users".* FROM "users" WHERE ("users"."id" = 2) LIMIT 1
  [1m[36mRole Load (0.3ms)[0m  [1mSELECT "roles".* FROM "roles" INNER JOIN "assignments" ON "roles".id = "assignments".role_id WHERE (("assignments".user_id = 2))[0m
  [1m[35mComment Load (0.2ms)[0m  SELECT "comments".* FROM "comments"
Rendered comments/index.html.erb within layouts/application (4.3ms)
Completed 200 OK in 129ms (Views: 12.8ms | ActiveRecord: 0.9ms)
